Application     C:\Users\Cristina\Dropbox (Old)\TanayLMIS\LMIS\TanayBasicData\Menu\Menu.ent
Type            ENTRY
Input Data      <<Empty>>
External        TBD_STAFF_DICT=<<CSPro DB>> C:\Users\Cristina\Dropbox (Old)\TanayLMIS\LMIS\TanayBasicData\Data\Staff.csdb
External        TBD_ASSIGNMENTS_DICT=<<CSPro DB>> C:\Users\Cristina\Dropbox (Old)\TanayLMIS\LMIS\TanayBasicData\Data\Assignments.csdb
External        TBD_INHABITANT_DICT=<<CSPro DB>> C:\Users\Cristina\Dropbox (Old)\TanayLMIS\LMIS\TanayBasicData\Data\Population.csdb
External        TBD_GEOCODE_DICT=<<CSPro DB>> C:\Users\Cristina\Dropbox (Old)\TanayLMIS\LMIS\TanayBasicData\Data\Geocode.csdb

Date            Nov 27, 2018
Start Time      16:12:04
End Time        16:12:29

CSPRO Process Summary

System messages:

 Number    Frequency   Message text
 ------    ---------   ------------
  99990            1   Operator entered a value out of range            

CSPRO Executor Normal End
--------------------------------------------------------------------------------
Application     C:\Users\Cristina\Dropbox (Old)\TanayLMIS\LMIS\TanayBasicData\Menu\Menu.ent
Type            ENTRY
Input Data      <<Empty>>
External        TBD_STAFF_DICT=<<CSPro DB>> C:\Users\Cristina\Dropbox (Old)\TanayLMIS\LMIS\TanayBasicData\Data\Staff.csdb
External        TBD_ASSIGNMENTS_DICT=<<CSPro DB>> C:\Users\Cristina\Dropbox (Old)\TanayLMIS\LMIS\TanayBasicData\Data\Assignments.csdb
External        TBD_INHABITANT_DICT=<<CSPro DB>> C:\Users\Cristina\Dropbox (Old)\TanayLMIS\LMIS\TanayBasicData\Data\Population.csdb
External        TBD_GEOCODE_DICT=<<CSPro DB>> C:\Users\Cristina\Dropbox (Old)\TanayLMIS\LMIS\TanayBasicData\Data\Geocode.csdb

Date            Nov 27, 2018
Start Time      16:30:17
End Time        16:30:47

CSPRO Process Summary

System messages:

 Number    Frequency   Message text
 ------    ---------   ------------
   1026            1   All of the ID fields were not filled, please reen

CSPRO Executor Normal End
--------------------------------------------------------------------------------
Application     C:\Users\Cristina\Dropbox (Old)\TanayLMIS\LMIS\TanayBasicData\Menu\Menu.ent
Type            ENTRY
Input Data      <<Empty>>
External        TBD_STAFF_DICT=<<CSPro DB>> C:\Users\Cristina\Dropbox (Old)\TanayLMIS\LMIS\TanayBasicData\Data\Staff.csdb
External        TBD_ASSIGNMENTS_DICT=<<CSPro DB>> C:\Users\Cristina\Dropbox (Old)\TanayLMIS\LMIS\TanayBasicData\Data\Assignments.csdb
External        TBD_INHABITANT_DICT=<<CSPro DB>> C:\Users\Cristina\Dropbox (Old)\TanayLMIS\LMIS\TanayBasicData\Data\Population.csdb
External        TBD_GEOCODE_DICT=<<CSPro DB>> C:\Users\Cristina\Dropbox (Old)\TanayLMIS\LMIS\TanayBasicData\Data\Geocode.csdb

Date            Nov 27, 2018
Start Time      16:31:05
End Time        16:31:22

CSPRO Process Summary

System messages:

 Number    Frequency   Message text
 ------    ---------   ------------
   1026            1   All of the ID fields were not filled, please reen

CSPRO Executor Normal End
--------------------------------------------------------------------------------
Application     C:\Users\Cristina\Dropbox (Old)\TanayLMIS\LMIS\TanayBasicData\Menu\Menu.ent
Type            ENTRY
Input Data      <<Empty>>
External        TBD_STAFF_DICT=<<CSPro DB>> C:\Users\Cristina\Dropbox (Old)\TanayLMIS\LMIS\TanayBasicData\Data\Staff.csdb
External        TBD_ASSIGNMENTS_DICT=<<CSPro DB>> C:\Users\Cristina\Dropbox (Old)\TanayLMIS\LMIS\TanayBasicData\Data\Assignments.csdb
External        TBD_INHABITANT_DICT=<<CSPro DB>> C:\Users\Cristina\Dropbox (Old)\TanayLMIS\LMIS\TanayBasicData\Data\Population.csdb
External        TBD_GEOCODE_DICT=<<CSPro DB>> C:\Users\Cristina\Dropbox (Old)\TanayLMIS\LMIS\TanayBasicData\Data\Geocode.csdb

Date            Nov 27, 2018
Start Time      16:43:20
End Time        16:43:33

CSPRO Process Summary

System messages:

 Number    Frequency   Message text
 ------    ---------   ------------
   1026            1   All of the ID fields were not filled, please reen
  99990            1   Operator entered a value out of range            

CSPRO Executor Normal End
--------------------------------------------------------------------------------
Application     C:\Users\Cristina\Dropbox (Old)\TanayLMIS\LMIS\TanayBasicData\Menu\Menu.ent
Type            ENTRY
Input Data      <<Empty>>
External        TBD_STAFF_DICT=<<CSPro DB>> C:\Users\Cristina\Dropbox (Old)\TanayLMIS\LMIS\TanayBasicData\Data\Staff.csdb
External        TBD_ASSIGNMENTS_DICT=<<CSPro DB>> C:\Users\Cristina\Dropbox (Old)\TanayLMIS\LMIS\TanayBasicData\Data\Assignments.csdb
External        TBD_INHABITANT_DICT=<<CSPro DB>> C:\Users\Cristina\Dropbox (Old)\TanayLMIS\LMIS\TanayBasicData\Data\Population.csdb
External        TBD_GEOCODE_DICT=<<CSPro DB>> C:\Users\Cristina\Dropbox (Old)\TanayLMIS\LMIS\TanayBasicData\Data\Geocode.csdb

Date            Nov 27, 2018
Start Time      16:48:27
End Time        16:48:58

CSPRO Process Summary

System messages:

 Number    Frequency   Message text
 ------    ---------   ------------
   1026            2   All of the ID fields were not filled, please reen

CSPRO Executor Normal End
--------------------------------------------------------------------------------
Application     C:\Users\Cristina\Dropbox (Old)\TanayLMIS\LMIS\TanayBasicData\Menu\Menu.ent
Type            ENTRY
Input Data      <<Empty>>
External        TBD_STAFF_DICT=<<CSPro DB>> C:\Users\Cristina\Dropbox (Old)\TanayLMIS\LMIS\TanayBasicData\Data\Staff.csdb
External        TBD_ASSIGNMENTS_DICT=<<CSPro DB>> C:\Users\Cristina\Dropbox (Old)\TanayLMIS\LMIS\TanayBasicData\Data\Assignments.csdb
External        TBD_INHABITANT_DICT=<<CSPro DB>> C:\Users\Cristina\Dropbox (Old)\TanayLMIS\LMIS\TanayBasicData\Data\Population.csdb
External        TBD_GEOCODE_DICT=<<CSPro DB>> C:\Users\Cristina\Dropbox (Old)\TanayLMIS\LMIS\TanayBasicData\Data\Geocode.csdb

Date            Nov 27, 2018
Start Time      16:59:32
End Time        17:00:57

CSPRO Process Summary

CSPRO Executor Normal End
--------------------------------------------------------------------------------
Application     C:\Users\Cristina\Dropbox (Old)\TanayLMIS\LMIS\TanayBasicData\Menu\Menu.ent
Type            ENTRY
Input Data      <<Empty>>
External        TBD_STAFF_DICT=<<CSPro DB>> C:\Users\Cristina\Dropbox (Old)\TanayLMIS\LMIS\TanayBasicData\Data\Staff.csdb
External        TBD_ASSIGNMENTS_DICT=<<CSPro DB>> C:\Users\Cristina\Dropbox (Old)\TanayLMIS\LMIS\TanayBasicData\Data\Assignments.csdb
External        TBD_INHABITANT_DICT=<<CSPro DB>> C:\Users\Cristina\Dropbox (Old)\TanayLMIS\LMIS\TanayBasicData\Data\Population.csdb
External        TBD_GEOCODE_DICT=<<CSPro DB>> C:\Users\Cristina\Dropbox (Old)\TanayLMIS\LMIS\TanayBasicData\Data\Geocode.csdb

Date            Nov 27, 2018
Start Time      17:22:56
End Time        17:23:16

CSPRO Process Summary

CSPRO Executor Normal End
--------------------------------------------------------------------------------
Application     C:\Users\Cristina\Dropbox (Old)\TanayLMIS\LMIS\TanayBasicData\Menu\Menu.ent
Type            ENTRY
Input Data      <<Empty>>
External        TBD_STAFF_DICT=<<CSPro DB>> C:\Users\Cristina\Dropbox (Old)\TanayLMIS\LMIS\TanayBasicData\Data\Staff.csdb
External        TBD_ASSIGNMENTS_DICT=<<CSPro DB>> C:\Users\Cristina\Dropbox (Old)\TanayLMIS\LMIS\TanayBasicData\Data\Assignments.csdb
External        TBD_INHABITANT_DICT=<<CSPro DB>> C:\Users\Cristina\Dropbox (Old)\TanayLMIS\LMIS\TanayBasicData\Data\Population.csdb
External        TBD_GEOCODE_DICT=<<CSPro DB>> C:\Users\Cristina\Dropbox (Old)\TanayLMIS\LMIS\TanayBasicData\Data\Geocode.csdb

Date            Nov 27, 2018
Start Time      17:34:05
End Time        17:34:12

CSPRO Process Summary

CSPRO Executor Normal End
--------------------------------------------------------------------------------
Application     C:\Users\Cristina\Dropbox (Old)\TanayLMIS\LMIS\TanayBasicData\Menu\Menu.ent
Type            ENTRY
Input Data      <<Empty>>
External        TBD_GEO_DICT=<<Empty>>
External        TBD_STAFF_DICT=<<Empty>>
External        TBD_ASSIGNMENTS_DICT=<<Empty>>
External        TBD_INHABITANT_DICT=<<Empty>>

Date            Dec  3, 2018
Start Time      08:39:22
End Time        08:40:18

CSPRO Process Summary

System messages:

 Number    Frequency   Message text
 ------    ---------   ------------
  48000            2   Invalid expression (%s) in CAPI text             

User unnumbered messages:

   Line    Freq  Pct.  Message text                                        Denom
   ----    ----  ----  ------------                                        -----
    308       1    -   Confirm that %04d is the correct code                   -
    584       2    -   You do not have a valid list of geocodes. Transfe       -

CSPRO Executor Normal End
--------------------------------------------------------------------------------
Application     C:\Users\Cristina\Dropbox (Old)\TanayLMIS\LMIS\TanayBasicData\Menu\Menu.ent
Type            ENTRY
Input Data      <<Empty>>
External        TBD_GEO_DICT=<<CSPro DB>> C:\Users\Cristina\Dropbox (Old)\TanayLMIS\LMIS\TanayBasicData\Data\Geocode2.csdb
External        TBD_STAFF_DICT=<<Empty>>
External        TBD_ASSIGNMENTS_DICT=<<Empty>>
External        TBD_INHABITANT_DICT=<<Empty>>

Date            Dec  3, 2018
Start Time      08:40:27
End Time        08:45:32

CSPRO Process Summary

System messages:

 Number    Frequency   Message text
 ------    ---------   ------------
  48000            2   Invalid expression (%s) in CAPI text             

User unnumbered messages:

   Line    Freq  Pct.  Message text                                        Denom
   ----    ----  ----  ------------                                        -----
    308       1    -   Confirm that %04d is the correct code                   -

CSPRO Executor Normal End
--------------------------------------------------------------------------------
Application     C:\Users\Cristina\Dropbox (Old)\TanayLMIS\LMIS\TanayBasicData\Menu\Menu.ent
Type            ENTRY
Input Data      <<Empty>>
External        TBD_GEO_DICT=<<CSPro DB>> C:\Users\Cristina\Dropbox (Old)\TanayLMIS\LMIS\TanayBasicData\Data\Geocode2.csdb
External        TBD_STAFF_DICT=<<Empty>>
External        TBD_ASSIGNMENTS_DICT=<<Empty>>
External        TBD_INHABITANT_DICT=<<Empty>>

Date            Dec  3, 2018
Start Time      08:46:01
End Time        08:49:10

CSPRO Process Summary

System messages:

 Number    Frequency   Message text
 ------    ---------   ------------
  48000            2   Invalid expression (%s) in CAPI text             
  99990            2   Operator entered a value out of range            

User unnumbered messages:

   Line    Freq  Pct.  Message text                                        Denom
   ----    ----  ----  ------------                                        -----
    308       1    -   Confirm that %04d is the correct code                   -

CSPRO Executor Normal End
--------------------------------------------------------------------------------
Application     C:\Users\Cristina\Dropbox (Old)\TanayLMIS\LMIS\TanayBasicData\Menu\Menu.ent
Type            ENTRY
Input Data      <<Empty>>
External        TBD_GEO_DICT=<<CSPro DB>> C:\Users\Cristina\Dropbox (Old)\TanayLMIS\LMIS\TanayBasicData\Data\Geocode2.csdb
External        TBD_STAFF_DICT=<<Empty>>
External        TBD_ASSIGNMENTS_DICT=<<Empty>>
External        TBD_INHABITANT_DICT=<<Empty>>

Date            Dec  3, 2018
Start Time      10:05:02
End Time        10:06:49

CSPRO Process Summary

System messages:

 Number    Frequency   Message text
 ------    ---------   ------------
  48000            2   Invalid expression (%s) in CAPI text             
  99990            1   Operator entered a value out of range            

User unnumbered messages:

   Line    Freq  Pct.  Message text                                        Denom
   ----    ----  ----  ------------                                        -----
    308       1    -   Confirm that %04d is the correct code                   -

CSPRO Executor Normal End
--------------------------------------------------------------------------------
Application     C:\Users\Cristina\Dropbox (Old)\TanayLMIS\LMIS\TanayBasicData\Menu\Menu.ent
Type            ENTRY
Input Data      <<Empty>>
External        TBD_STAFF_DICT=<<Empty>>
External        TBD_ASSIGNMENTS_DICT=<<Empty>>
External        TBD_INHABITANT_DICT=<<Empty>>
External        TBD_GEO_DICT=<<Empty>>

Date            Dec  3, 2018
Start Time      11:59:10
End Time        11:59:34

CSPRO Process Summary

System messages:

 Number    Frequency   Message text
 ------    ---------   ------------
  48000            2   Invalid expression (%s) in CAPI text             

User unnumbered messages:

   Line    Freq  Pct.  Message text                                        Denom
   ----    ----  ----  ------------                                        -----
    308       1    -   Confirm that %04d is the correct code                   -
    584       1    -   You do not have a valid list of geocodes. Transfe       -

CSPRO Executor Normal End
--------------------------------------------------------------------------------
Application     C:\Users\Cristina\Dropbox (Old)\TanayLMIS\LMIS\TanayBasicData\Menu\Menu.ent
Type            ENTRY
Input Data      <<Empty>>
External        TBD_STAFF_DICT=<<Empty>>
External        TBD_ASSIGNMENTS_DICT=<<Empty>>
External        TBD_INHABITANT_DICT=<<Empty>>
External        TBD_GEO_DICT=<<Empty>>

Date            Dec  3, 2018
Start Time      12:00:21
End Time        12:00:42

CSPRO Process Summary

System messages:

 Number    Frequency   Message text
 ------    ---------   ------------
  48000            2   Invalid expression (%s) in CAPI text             

User unnumbered messages:

   Line    Freq  Pct.  Message text                                        Denom
   ----    ----  ----  ------------                                        -----
    308       1    -   Confirm that %04d is the correct code                   -
    584       2    -   You do not have a valid list of geocodes. Transfe       -

CSPRO Executor Normal End
--------------------------------------------------------------------------------
Application     C:\Users\Cristina\Dropbox (Old)\TanayLMIS\LMIS\TanayBasicData\Menu\Menu.ent
Type            ENTRY
Input Data      <<Empty>>
External        TBD_STAFF_DICT=<<Empty>>
External        TBD_ASSIGNMENTS_DICT=<<Empty>>
External        TBD_INHABITANT_DICT=<<Empty>>
External        TBD_GEO_DICT=<<CSPro DB>> C:\Users\Cristina\Dropbox (Old)\TanayLMIS\LMIS\TanayBasicData\Data\Geocode2.csdb

Date            Dec  3, 2018
Start Time      13:13:42
End Time        13:15:20

CSPRO Process Summary

System messages:

 Number    Frequency   Message text
 ------    ---------   ------------
  48000            2   Invalid expression (%s) in CAPI text             
  99990            1   Operator entered a value out of range            

User unnumbered messages:

   Line    Freq  Pct.  Message text                                        Denom
   ----    ----  ----  ------------                                        -----
    308       1    -   Confirm that %04d is the correct code                   -

CSPRO Executor Normal End
--------------------------------------------------------------------------------
Application     C:\Users\Cristina\Dropbox (Old)\TanayLMIS\LMIS\TanayBasicData\Menu\Menu.ent
Type            ENTRY
Input Data      <<Empty>>
External        TBD_STAFF_DICT=<<Empty>>
External        TBD_ASSIGNMENTS_DICT=<<Empty>>
External        TBD_INHABITANT_DICT=<<Empty>>
External        TBD_GEO_DICT=<<CSPro DB>> C:\Users\Cristina\Dropbox (Old)\TanayLMIS\LMIS\TanayBasicData\Data\Geocode2.csdb

Date            Dec  3, 2018
Start Time      13:15:26
End Time        13:20:21

CSPRO Process Summary

System messages:

 Number    Frequency   Message text
 ------    ---------   ------------
  48000            2   Invalid expression (%s) in CAPI text             

User unnumbered messages:

   Line    Freq  Pct.  Message text                                        Denom
   ----    ----  ----  ------------                                        -----
    308       1    -   Confirm that %04d is the correct code                   -

CSPRO Executor Normal End
--------------------------------------------------------------------------------
Application     C:\Users\Cristina\Dropbox (Old)\TanayLMIS\LMIS\TanayBasicData\Menu\Menu.ent
Type            ENTRY
Input Data      <<Empty>>
External        TBD_STAFF_DICT=<<Empty>>
External        TBD_ASSIGNMENTS_DICT=<<Empty>>
External        TBD_INHABITANT_DICT=<<Empty>>
External        TBD_GEO_DICT=<<CSPro DB>> C:\Users\Cristina\Dropbox (Old)\TanayLMIS\LMIS\TanayBasicData\Data\Geocode2.csdb

Date            Dec  3, 2018
Start Time      13:30:56
End Time        13:31:23

CSPRO Process Summary

System messages:

 Number    Frequency   Message text
 ------    ---------   ------------
  48000            2   Invalid expression (%s) in CAPI text             
  99990            1   Operator entered a value out of range            

User unnumbered messages:

   Line    Freq  Pct.  Message text                                        Denom
   ----    ----  ----  ------------                                        -----
    308       1    -   Confirm that %04d is the correct code                   -

CSPRO Executor Normal End
--------------------------------------------------------------------------------
Application     C:\Users\Cristina\Dropbox (Old)\TanayLMIS\LMIS\TanayBasicData\Menu\Menu.ent
Type            ENTRY
Input Data      <<Empty>>
External        TBD_STAFF_DICT=<<Empty>>
External        TBD_ASSIGNMENTS_DICT=<<Empty>>
External        TBD_INHABITANT_DICT=<<Empty>>
External        TBD_GEO_DICT=<<CSPro DB>> C:\Users\Cristina\Dropbox (Old)\TanayLMIS\LMIS\TanayBasicData\Data\Geocode2.csdb

Date            Dec  3, 2018
Start Time      13:36:27
End Time        13:37:43

CSPRO Process Summary

System messages:

 Number    Frequency   Message text
 ------    ---------   ------------
  48000            2   Invalid expression (%s) in CAPI text             
  99990            3   Operator entered a value out of range            

User unnumbered messages:

   Line    Freq  Pct.  Message text                                        Denom
   ----    ----  ----  ------------                                        -----
    308       1    -   Confirm that %04d is the correct code                   -
    442       1    -   Invalid password. You cannot proceed as a supervi       -

CSPRO Executor Normal End
--------------------------------------------------------------------------------
Application     C:\Users\Cristina\Dropbox (Old)\TanayLMIS\LMIS\TanayBasicData\Menu\Menu.ent
Type            ENTRY
Input Data      <<Empty>>
External        TBD_STAFF_DICT=<<Empty>>
External        TBD_ASSIGNMENTS_DICT=<<Empty>>
External        TBD_INHABITANT_DICT=<<Empty>>
External        TBD_GEO_DICT=<<CSPro DB>> C:\Users\Cristina\Dropbox (Old)\TanayLMIS\LMIS\TanayBasicData\Data\Geocode2.csdb

Date            Dec  3, 2018
Start Time      13:40:08
End Time        14:50:08

CSPRO Process Summary

System messages:

 Number    Frequency   Message text
 ------    ---------   ------------
  48000            2   Invalid expression (%s) in CAPI text             
  99990            3   Operator entered a value out of range            

User unnumbered messages:

   Line    Freq  Pct.  Message text                                        Denom
   ----    ----  ----  ------------                                        -----
    308       1    -   Confirm that %04d is the correct code                   -

CSPRO Executor Normal End
--------------------------------------------------------------------------------
Application     C:\Users\Cristina\Dropbox (Old)\TanayLMIS\LMIS\TanayBasicData\Menu\Menu.ent
Type            ENTRY
Input Data      <<Empty>>
External        TBD_STAFF_DICT=<<Empty>>
External        TBD_ASSIGNMENTS_DICT=<<Empty>>
External        TBD_INHABITANT_DICT=<<Empty>>
External        TBD_GEO_DICT=<<CSPro DB>> C:\Users\Cristina\Dropbox (Old)\TanayLMIS\LMIS\TanayBasicData\Data\Geocode2.csdb

Date            Dec  3, 2018
Start Time      15:43:10
End Time        15:47:04

CSPRO Process Summary

System messages:

 Number    Frequency   Message text
 ------    ---------   ------------
  48000            2   Invalid expression (%s) in CAPI text             
  99990            2   Operator entered a value out of range            

User unnumbered messages:

   Line    Freq  Pct.  Message text                                        Denom
   ----    ----  ----  ------------                                        -----
    308       1    -   Confirm that %04d is the correct code                   -

CSPRO Executor Normal End
--------------------------------------------------------------------------------
Application     C:\Users\Cristina\Dropbox (Old)\TanayLMIS\LMIS\TanayBasicData\Menu\Menu.ent
Type            ENTRY
Input Data      <<Empty>>
External        TBD_STAFF_DICT=<<Empty>>
External        TBD_ASSIGNMENTS_DICT=<<Empty>>
External        TBD_INHABITANT_DICT=<<Empty>>
External        TBD_GEO_DICT=<<CSPro DB>> C:\Users\Cristina\Dropbox (Old)\TanayLMIS\LMIS\TanayBasicData\Data\Geocode2.csdb

Date            Dec  3, 2018
Start Time      15:52:03
End Time        15:53:06

CSPRO Process Summary

System messages:

 Number    Frequency   Message text
 ------    ---------   ------------
  48000            2   Invalid expression (%s) in CAPI text             
  99990            3   Operator entered a value out of range            

User unnumbered messages:

   Line    Freq  Pct.  Message text                                        Denom
   ----    ----  ----  ------------                                        -----
    308       1    -   Confirm that %04d is the correct code                   -

CSPRO Executor Normal End
--------------------------------------------------------------------------------
Application     C:\Users\Cristina\Dropbox (Old)\TanayLMIS\LMIS\TanayBasicData\Menu\Menu.ent
Type            ENTRY
Input Data      <<Empty>>
External        TBD_STAFF_DICT=<<Empty>>
External        TBD_ASSIGNMENTS_DICT=<<Empty>>
External        TBD_INHABITANT_DICT=<<Empty>>
External        TBD_GEO_DICT=<<CSPro DB>> C:\Users\Cristina\Dropbox (Old)\TanayLMIS\LMIS\TanayBasicData\Data\Geocode2.csdb

Date            Dec  3, 2018
Start Time      16:47:18
End Time        17:00:09

CSPRO Process Summary

System messages:

 Number    Frequency   Message text
 ------    ---------   ------------
  48000            2   Invalid expression (%s) in CAPI text             

User unnumbered messages:

   Line    Freq  Pct.  Message text                                        Denom
   ----    ----  ----  ------------                                        -----
    308       1    -   Confirm that %04d is the correct code                   -

CSPRO Executor Normal End
--------------------------------------------------------------------------------
Application     C:\Users\Cristina\Dropbox (Old)\TanayLMIS\LMIS\TanayBasicData\Menu\Menu.ent
Type            ENTRY
Input Data      <<Empty>>
External        TBD_STAFF_DICT=<<Empty>>
External        TBD_ASSIGNMENTS_DICT=<<Empty>>
External        TBD_INHABITANT_DICT=<<Empty>>
External        TBD_GEO_DICT=<<CSPro DB>> C:\Users\Cristina\Dropbox (Old)\TanayLMIS\LMIS\TanayBasicData\Data\Geocode2.csdb

Date            Dec  3, 2018
Start Time      17:00:51
End Time        17:03:26

CSPRO Process Summary

System messages:

 Number    Frequency   Message text
 ------    ---------   ------------
  48000            2   Invalid expression (%s) in CAPI text             
 100110            1   Error downloading file "%s": Check that the file 

User unnumbered messages:

   Line    Freq  Pct.  Message text                                        Denom
   ----    ----  ----  ------------                                        -----
    233       1    -   Failed to receive Menu.pff. Transfer aborted.           -
    308       1    -   Confirm that %04d is the correct code                   -

CSPRO Executor Normal End
--------------------------------------------------------------------------------
Application     C:\Users\Cristina\Dropbox (Old)\TanayLMIS\LMIS\TanayBasicData\Menu\Menu.ent
Type            ENTRY
Input Data      <<Empty>>
External        TBD_STAFF_DICT=<<Empty>>
External        TBD_ASSIGNMENTS_DICT=<<CSPro DB>> C:\Users\Cristina\Dropbox (Old)\TanayLMIS\LMIS\TanayBasicData\Data\Assignments.csdb
External        TBD_INHABITANT_DICT=<<Empty>>
External        TBD_GEO_DICT=<<CSPro DB>> C:\Users\Cristina\Dropbox (Old)\TanayLMIS\LMIS\TanayBasicData\Data\Geocode2.csdb

Date            Dec  3, 2018
Start Time      17:09:25
End Time        17:10:39

CSPRO Process Summary

System messages:

 Number    Frequency   Message text
 ------    ---------   ------------
  48000            2   Invalid expression (%s) in CAPI text             

User unnumbered messages:

   Line    Freq  Pct.  Message text                                        Denom
   ----    ----  ----  ------------                                        -----
    308       1    -   Confirm that %04d is the correct code                   -
    442       1    -   Invalid password. You cannot proceed as a supervi       -

CSPRO Executor Normal End
--------------------------------------------------------------------------------
Application     C:\Users\Cristina\Dropbox (Old)\TanayLMIS\LMIS\TanayBasicData\Menu\Menu.ent
Type            ENTRY
Input Data      <<Empty>>
External        TBD_STAFF_DICT=<<Empty>>
External        TBD_ASSIGNMENTS_DICT=<<CSPro DB>> C:\Users\Cristina\Dropbox (Old)\TanayLMIS\LMIS\TanayBasicData\Data\Assignments.csdb
External        TBD_INHABITANT_DICT=<<Empty>>
External        TBD_GEO_DICT=<<CSPro DB>> C:\Users\Cristina\Dropbox (Old)\TanayLMIS\LMIS\TanayBasicData\Data\Geocode2.csdb

Date            Dec  3, 2018
Start Time      17:10:56
End Time        17:13:00

CSPRO Process Summary

System messages:

 Number    Frequency   Message text
 ------    ---------   ------------
  48000            2   Invalid expression (%s) in CAPI text             

User unnumbered messages:

   Line    Freq  Pct.  Message text                                        Denom
   ----    ----  ----  ------------                                        -----
    308       1    -   Confirm that %04d is the correct code                   -

CSPRO Executor Normal End
--------------------------------------------------------------------------------
Application     C:\Users\Cristina\Dropbox (Old)\TanayLMIS\LMIS\TanayBasicData\Menu\Menu.ent
Type            ENTRY
Input Data      <<Empty>>
External        TBD_STAFF_DICT=<<Empty>>
External        TBD_ASSIGNMENTS_DICT=<<CSPro DB>> C:\Users\Cristina\Dropbox (Old)\TanayLMIS\LMIS\TanayBasicData\Data\Assignments.csdb
External        TBD_INHABITANT_DICT=<<Empty>>
External        TBD_GEO_DICT=<<CSPro DB>> C:\Users\Cristina\Dropbox (Old)\TanayLMIS\LMIS\TanayBasicData\Data\Geocode2.csdb
<File>          REPORT_FILE=

Date            Dec  5, 2018
Start Time      09:30:41
End Time        10:36:02

CSPRO Process Summary

User unnumbered messages:

   Line    Freq  Pct.  Message text                                        Denom
   ----    ----  ----  ------------                                        -----
    580       1    -   Confirm that %04d is the correct code                   -

CSPRO Executor Normal End
--------------------------------------------------------------------------------
Application     C:\Users\Cristina\Dropbox (Old)\TanayLMIS\LMIS\TanayBasicData\Menu\Menu.ent
Type            ENTRY
Input Data      <<Empty>>
External        TBD_STAFF_DICT=<<Empty>>
External        TBD_ASSIGNMENTS_DICT=<<CSPro DB>> C:\Users\Cristina\Dropbox (Old)\TanayLMIS\LMIS\TanayBasicData\Data\Assignments.csdb
External        TBD_INHABITANT_DICT=<<Empty>>
External        TBD_GEO_DICT=<<CSPro DB>> C:\Users\Cristina\Dropbox (Old)\TanayLMIS\LMIS\TanayBasicData\Data\Geocode2.csdb
<File>          REPORT_FILE=

Date            Dec  5, 2018
Start Time      10:36:08
End Time        10:40:36

CSPRO Process Summary

User unnumbered messages:

   Line    Freq  Pct.  Message text                                        Denom
   ----    ----  ----  ------------                                        -----
    580       1    -   Confirm that %04d is the correct code                   -

CSPRO Executor Normal End
--------------------------------------------------------------------------------
Application     C:\Users\Cristina\Dropbox (Old)\TanayLMIS\LMIS\TanayBasicData\Menu\Menu.ent
Type            ENTRY
Input Data      <<Empty>>
External        TBD_STAFF_DICT=<<Empty>>
External        TBD_ASSIGNMENTS_DICT=<<CSPro DB>> C:\Users\Cristina\Dropbox (Old)\TanayLMIS\LMIS\TanayBasicData\Data\Assignments.csdb
External        TBD_INHABITANT_DICT=<<Empty>>
External        TBD_GEO_DICT=<<CSPro DB>> C:\Users\Cristina\Dropbox (Old)\TanayLMIS\LMIS\TanayBasicData\Data\Geocode2.csdb
<File>          REPORT_FILE=

Date            Dec  5, 2018
Start Time      10:40:41
End Time        10:41:37

CSPRO Process Summary

System messages:

 Number    Frequency   Message text
 ------    ---------   ------------
   1026            1   All of the ID fields were not filled, please reen

User unnumbered messages:

   Line    Freq  Pct.  Message text                                        Denom
   ----    ----  ----  ------------                                        -----
    581       1    -   Confirm that %04d is the correct code                   -

CSPRO Executor Normal End
--------------------------------------------------------------------------------
Application     C:\Users\Cristina\Dropbox (Old)\TanayLMIS\LMIS\TanayBasicData\Menu\Menu.ent
Type            ENTRY
Input Data      <<Empty>>
External        TBD_STAFF_DICT=<<Empty>>
External        TBD_ASSIGNMENTS_DICT=<<CSPro DB>> C:\Users\Cristina\Dropbox (Old)\TanayLMIS\LMIS\TanayBasicData\Data\Assignments.csdb
External        TBD_INHABITANT_DICT=<<Empty>>
External        TBD_GEO_DICT=<<CSPro DB>> C:\Users\Cristina\Dropbox (Old)\TanayLMIS\LMIS\TanayBasicData\Data\Geocode2.csdb
<File>          REPORT_FILE=

Date            Dec  5, 2018
Start Time      10:43:16
End Time        10:46:16

CSPRO Process Summary

System messages:

 Number    Frequency   Message text
 ------    ---------   ------------
  99990            1   Operator entered a value out of range            

User unnumbered messages:

   Line    Freq  Pct.  Message text                                        Denom
   ----    ----  ----  ------------                                        -----
    581       1    -   Confirm that %04d is the correct code                   -
   1170       1    -   %s successfully added as an interviewer                 -
   1179       1    -   The name is the same as before and has not been c       -

CSPRO Executor Normal End
--------------------------------------------------------------------------------
Application     C:\Users\Cristina\Dropbox (Old)\TanayLMIS\LMIS\TanayBasicData\Menu\Menu.ent
Type            ENTRY
Input Data      <<Empty>>
External        TBD_STAFF_DICT=<<CSPro DB>> C:\Users\Cristina\Dropbox (Old)\TanayLMIS\LMIS\TanayBasicData\Data\Staff.csdb
External        TBD_ASSIGNMENTS_DICT=<<CSPro DB>> C:\Users\Cristina\Dropbox (Old)\TanayLMIS\LMIS\TanayBasicData\Data\Assignments.csdb
External        TBD_INHABITANT_DICT=<<Empty>>
External        TBD_GEO_DICT=<<CSPro DB>> C:\Users\Cristina\Dropbox (Old)\TanayLMIS\LMIS\TanayBasicData\Data\Geocode2.csdb
<File>          REPORT_FILE=

Date            Dec  5, 2018
Start Time      10:49:04
End Time        10:50:05

CSPRO Process Summary

User unnumbered messages:

   Line    Freq  Pct.  Message text                                        Denom
   ----    ----  ----  ------------                                        -----
    581       1    -   Confirm that %04d is the correct code                   -
   1114       1    -   Staff PIN code of %s is not yet set                     -
   1170       1    -   %s successfully added as an interviewer                 -

CSPRO Executor Normal End
--------------------------------------------------------------------------------
Application     C:\Users\Cristina\Dropbox (Old)\TanayLMIS\LMIS\TanayBasicData\Menu\Menu.ent
Type            ENTRY
Input Data      <<Empty>>
External        TBD_STAFF_DICT=<<CSPro DB>> C:\Users\Cristina\Dropbox (Old)\TanayLMIS\LMIS\TanayBasicData\Data\Staff.csdb
External        TBD_ASSIGNMENTS_DICT=<<CSPro DB>> C:\Users\Cristina\Dropbox (Old)\TanayLMIS\LMIS\TanayBasicData\Data\Assignments.csdb
External        TBD_INHABITANT_DICT=<<Empty>>
External        TBD_GEO_DICT=<<CSPro DB>> C:\Users\Cristina\Dropbox (Old)\TanayLMIS\LMIS\TanayBasicData\Data\Geocode2.csdb
<File>          REPORT_FILE=

Date            Dec  5, 2018
Start Time      10:50:47
End Time        10:50:56

CSPRO Process Summary

System messages:

 Number    Frequency   Message text
 ------    ---------   ------------
  99990            1   Operator entered a value out of range            

CSPRO Executor Normal End
--------------------------------------------------------------------------------
Application     C:\Users\Cristina\Dropbox (Old)\TanayLMIS\LMIS\TanayBasicData\Menu\Menu.ent
Type            ENTRY
Input Data      <<Empty>>
External        TBD_STAFF_DICT=<<CSPro DB>> C:\Users\Cristina\Dropbox (Old)\TanayLMIS\LMIS\TanayBasicData\Data\Staff.csdb
External        TBD_ASSIGNMENTS_DICT=<<CSPro DB>> C:\Users\Cristina\Dropbox (Old)\TanayLMIS\LMIS\TanayBasicData\Data\Assignments.csdb
External        TBD_INHABITANT_DICT=<<Empty>>
External        TBD_GEO_DICT=<<CSPro DB>> C:\Users\Cristina\Dropbox (Old)\TanayLMIS\LMIS\TanayBasicData\Data\Geocode2.csdb
<File>          REPORT_FILE=

Date            Dec  5, 2018
Start Time      10:51:18
End Time        10:52:09

CSPRO Process Summary

System messages:

 Number    Frequency   Message text
 ------    ---------   ------------
  99990            1   Operator entered a value out of range            

User unnumbered messages:

   Line    Freq  Pct.  Message text                                        Denom
   ----    ----  ----  ------------                                        -----
    684       3    -   Invalid PIN code                                        -

CSPRO Executor Normal End
--------------------------------------------------------------------------------
Application     C:\Users\Cristina\Dropbox (Old)\TanayLMIS\LMIS\TanayBasicData\Menu\Menu.ent
Type            ENTRY
Input Data      <<Empty>>
External        TBD_STAFF_DICT=<<CSPro DB>> C:\Users\Cristina\Dropbox (Old)\TanayLMIS\LMIS\TanayBasicData\Data\Staff.csdb
External        TBD_ASSIGNMENTS_DICT=<<CSPro DB>> C:\Users\Cristina\Dropbox (Old)\TanayLMIS\LMIS\TanayBasicData\Data\Assignments.csdb
External        TBD_INHABITANT_DICT=<<Empty>>
External        TBD_GEO_DICT=<<CSPro DB>> C:\Users\Cristina\Dropbox (Old)\TanayLMIS\LMIS\TanayBasicData\Data\Geocode2.csdb
<File>          REPORT_FILE=

Date            Dec  5, 2018
Start Time      10:53:20
End Time        10:57:37

CSPRO Process Summary

System messages:

 Number    Frequency   Message text
 ------    ---------   ------------
  99990            2   Operator entered a value out of range            

User unnumbered messages:

   Line    Freq  Pct.  Message text                                        Denom
   ----    ----  ----  ------------                                        -----
    581       1    -   Confirm that %04d is the correct code                   -
    684       4    -   Invalid PIN code                                        -
   1170       1    -   %s successfully added as an interviewer                 -
   1179       1    -   The name is the same as before and has not been c       -

CSPRO Executor Normal End
--------------------------------------------------------------------------------
Application     C:\Users\Cristina\Dropbox (Old)\TanayLMIS\LMIS\TanayBasicData\Menu\Menu.ent
Type            ENTRY
Input Data      <<Empty>>
External        TBD_STAFF_DICT=<<CSPro DB>> C:\Users\Cristina\Dropbox (Old)\TanayLMIS\LMIS\TanayBasicData\Data\Staff.csdb
External        TBD_ASSIGNMENTS_DICT=<<CSPro DB>> C:\Users\Cristina\Dropbox (Old)\TanayLMIS\LMIS\TanayBasicData\Data\Assignments.csdb
External        TBD_INHABITANT_DICT=<<Empty>>
External        TBD_GEO_DICT=<<CSPro DB>> C:\Users\Cristina\Dropbox (Old)\TanayLMIS\LMIS\TanayBasicData\Data\Geocode2.csdb
<File>          REPORT_FILE=

Date            Dec  5, 2018
Start Time      11:59:32
End Time        12:05:46

CSPRO Process Summary

System messages:

 Number    Frequency   Message text
 ------    ---------   ------------
  99990            1   Operator entered a value out of range            

User unnumbered messages:

   Line    Freq  Pct.  Message text                                        Denom
   ----    ----  ----  ------------                                        -----
    581       1    -   Confirm that %04d is the correct code                   -
    684       1    -   Invalid PIN code                                        -

CSPRO Executor Normal End
--------------------------------------------------------------------------------
Application     C:\Users\Cristina\Dropbox (Old)\TanayLMIS\LMIS\TanayBasicData\Menu\Menu.ent
Type            ENTRY
Input Data      <<Empty>>
External        TBD_STAFF_DICT=<<CSPro DB>> C:\Users\Cristina\Dropbox (Old)\TanayLMIS\LMIS\TanayBasicData\Data\Staff.csdb
External        TBD_ASSIGNMENTS_DICT=<<CSPro DB>> C:\Users\Cristina\Dropbox (Old)\TanayLMIS\LMIS\TanayBasicData\Data\Assignments.csdb
External        TBD_INHABITANT_DICT=<<Empty>>
External        TBD_GEO_DICT=<<CSPro DB>> C:\Users\Cristina\Dropbox (Old)\TanayLMIS\LMIS\TanayBasicData\Data\Geocode2.csdb
<File>          REPORT_FILE=

Date            Dec  5, 2018
Start Time      17:19:07
End Time        17:19:27

CSPRO Process Summary

User unnumbered messages:

   Line    Freq  Pct.  Message text                                        Denom
   ----    ----  ----  ------------                                        -----
    715       2    -   Invalid password. You cannot proceed as a supervi       -

CSPRO Executor Normal End
--------------------------------------------------------------------------------
Application     C:\Users\Cristina\Dropbox (Old)\TanayLMIS\LMIS\TanayBasicData\Menu\Menu.ent
Type            ENTRY
Input Data      <<Empty>>
External        TBD_STAFF_DICT=<<CSPro DB>> C:\Users\Cristina\Dropbox (Old)\TanayLMIS\LMIS\TanayBasicData\Data\staff.csdb
External        TBD_ASSIGNMENTS_DICT=<<CSPro DB>> C:\Users\Cristina\Dropbox (Old)\TanayLMIS\LMIS\TanayBasicData\Data\Assignments.csdb
External        TBD_INHABITANT_DICT=<<Empty>>
External        TBD_GEO_DICT=<<CSPro DB>> C:\Users\Cristina\Dropbox (Old)\TanayLMIS\LMIS\TanayBasicData\Data\Geocode2.csdb
<File>          REPORT_FILE=

Date            Dec  5, 2018
Start Time      17:20:04
End Time        17:21:26

CSPRO Process Summary

User unnumbered messages:

   Line    Freq  Pct.  Message text                                        Denom
   ----    ----  ----  ------------                                        -----
    715       3    -   Invalid password. You cannot proceed as a supervi       -

CSPRO Executor Normal End
--------------------------------------------------------------------------------
Application     C:\Users\Cristina\Dropbox (Old)\TanayLMIS\LMIS\TanayBasicData\Menu\Menu.ent
Type            ENTRY
Input Data      <<Empty>>
External        TBD_STAFF_DICT=<<CSPro DB>> C:\Users\Cristina\Dropbox (Old)\TanayLMIS\LMIS\TanayBasicData\Data\staff.csdb
External        TBD_ASSIGNMENTS_DICT=<<CSPro DB>> C:\Users\Cristina\Dropbox (Old)\TanayLMIS\LMIS\TanayBasicData\Data\Assignments.csdb
External        TBD_INHABITANT_DICT=<<Empty>>
External        TBD_GEO_DICT=<<CSPro DB>> C:\Users\Cristina\Dropbox (Old)\TanayLMIS\LMIS\TanayBasicData\Data\Geocode2.csdb
<File>          REPORT_FILE=

Date            Dec  5, 2018
Start Time      17:21:32
End Time        17:22:10

CSPRO Process Summary

User unnumbered messages:

   Line    Freq  Pct.  Message text                                        Denom
   ----    ----  ----  ------------                                        -----
    715       1    -   Invalid password. You cannot proceed as a supervi       -

CSPRO Executor Normal End
--------------------------------------------------------------------------------
Application     C:\Users\Cristina\Dropbox (Old)\TanayLMIS\LMIS\TanayBasicData\Menu\Menu.ent
Type            ENTRY
Input Data      <<Empty>>
External        TBD_STAFF_DICT=<<CSPro DB>> C:\Users\Cristina\Dropbox (Old)\TanayLMIS\LMIS\TanayBasicData\Data\staff.csdb
External        TBD_ASSIGNMENTS_DICT=<<CSPro DB>> C:\Users\Cristina\Dropbox (Old)\TanayLMIS\LMIS\TanayBasicData\Data\Assignments.csdb
External        TBD_INHABITANT_DICT=<<Empty>>
External        TBD_GEO_DICT=<<CSPro DB>> C:\Users\Cristina\Dropbox (Old)\TanayLMIS\LMIS\TanayBasicData\Data\Geocode2.csdb
<File>          REPORT_FILE=

Date            Dec  5, 2018
Start Time      17:22:19
End Time        17:24:46

CSPRO Process Summary

User unnumbered messages:

   Line    Freq  Pct.  Message text                                        Denom
   ----    ----  ----  ------------                                        -----
    581       1    -   Confirm that %06d is the correct code                   -
    684       2    -   Invalid PIN code                                        -
    834       2    -   Your supervisor has not yet assigned you any EAs.       -
   1170       1    -   %s successfully added as an interviewer                 -

CSPRO Executor Normal End
--------------------------------------------------------------------------------
Application     C:\Users\Cristina\Dropbox (Old)\TanayLMIS\LMIS\TanayBasicData\Menu\Menu.ent
Type            ENTRY
Input Data      <<Empty>>
External        TBD_STAFF_DICT=<<CSPro DB>> C:\Users\Cristina\Dropbox (Old)\TanayLMIS\LMIS\TanayBasicData\Data\staff.csdb
External        TBD_ASSIGNMENTS_DICT=<<CSPro DB>> C:\Users\Cristina\Dropbox (Old)\TanayLMIS\LMIS\TanayBasicData\Data\Assignments.csdb
External        TBD_INHABITANT_DICT=<<Empty>>
External        TBD_GEO_DICT=<<CSPro DB>> C:\Users\Cristina\Dropbox (Old)\TanayLMIS\LMIS\TanayBasicData\Data\Geocode2.csdb
<File>          REPORT_FILE=

Date            Dec  6, 2018
Start Time      14:57:52
End Time        14:58:17

CSPRO Process Summary

System messages:

 Number    Frequency   Message text
 ------    ---------   ------------
  99990            1   Operator entered a value out of range            

CSPRO Executor Normal End
--------------------------------------------------------------------------------
Application     C:\Users\Cristina\Dropbox (Old)\TanayLMIS\LMIS\TanayBasicData\Menu\Menu.ent
Type            ENTRY
Input Data      <<Empty>>
External        TBD_STAFF_DICT=<<CSPro DB>> C:\Users\Cristina\Dropbox (Old)\TanayLMIS\LMIS\TanayBasicData\Data\Staff.csdb
External        TBD_ASSIGNMENTS_DICT=<<CSPro DB>> C:\Users\Cristina\Dropbox (Old)\TanayLMIS\LMIS\TanayBasicData\Data\Assignments.csdb
External        TBD_INHABITANT_DICT=<<Empty>>
External        TBD_GEO_DICT=<<CSPro DB>> C:\Users\Cristina\Dropbox (Old)\TanayLMIS\LMIS\TanayBasicData\Data\Geocode2.csdb
<File>          REPORT_FILE=

Date            Dec  6, 2018
Start Time      14:58:36
End Time        15:09:24

CSPRO Process Summary

User unnumbered messages:

   Line    Freq  Pct.  Message text                                        Denom
   ----    ----  ----  ------------                                        -----
    581       1    -   Confirm that %06d is the correct code                   -
    684       1    -   Invalid PIN code                                        -
    834       1    -   Your supervisor has not yet assigned you any EAs.       -
   1170       1    -   %s successfully added as an interviewer                 -

CSPRO Executor Normal End
--------------------------------------------------------------------------------
Application     C:\Users\Cristina\Dropbox (Old)\TanayLMIS\LMIS\TanayBasicData\Menu\Menu.ent
Type            ENTRY
Input Data      <<Empty>>
External        TBD_STAFF_DICT=<<CSPro DB>> C:\Users\Cristina\Dropbox (Old)\TanayLMIS\LMIS\TanayBasicData\Data\Staff.csdb
External        TBD_ASSIGNMENTS_DICT=<<CSPro DB>> C:\Users\Cristina\Dropbox (Old)\TanayLMIS\LMIS\TanayBasicData\Data\Assignments.csdb
External        TBD_INHABITANT_DICT=<<Empty>>
External        TBD_GEO_DICT=<<CSPro DB>> C:\Users\Cristina\Dropbox (Old)\TanayLMIS\LMIS\TanayBasicData\Data\Geocode2.csdb
<File>          REPORT_FILE=

Date            Dec  6, 2018
Start Time      15:09:42
End Time        17:20:03

CSPRO Process Summary

System messages:

 Number    Frequency   Message text
 ------    ---------   ------------
   1026            2   All of the ID fields were not filled, please reen
  99990            1   Operator entered a value out of range            

User unnumbered messages:

   Line    Freq  Pct.  Message text                                        Denom
   ----    ----  ----  ------------                                        -----
    581       1    -   Confirm that %06d is the correct code                   -
   1170       1    -   %s successfully added as an interviewer                 -

CSPRO Executor Normal End
--------------------------------------------------------------------------------
Application     C:\Users\Cristina\Dropbox (Old)\TanayLMIS\LMIS\TanayBasicData\Menu\Menu.ent
Type            ENTRY
Input Data      <<Empty>>
External        TBD_STAFF_DICT=<<CSPro DB>> C:\Users\Cristina\Dropbox (Old)\TanayLMIS\LMIS\TanayBasicData\Data\Staff.csdb
External        TBD_ASSIGNMENTS_DICT=<<CSPro DB>> C:\Users\Cristina\Dropbox (Old)\TanayLMIS\LMIS\TanayBasicData\Data\Assignments.csdb
External        TBD_INHABITANT_DICT=<<Empty>>
External        TBD_GEO_DICT=<<CSPro DB>> C:\Users\Cristina\Dropbox (Old)\TanayLMIS\LMIS\TanayBasicData\Data\Geocode2.csdb
<File>          REPORT_FILE=

Date            Dec  7, 2018
Start Time      10:27:42
End Time        10:28:02

CSPRO Process Summary

System messages:

 Number    Frequency   Message text
 ------    ---------   ------------
   1026            1   All of the ID fields were not filled, please reen

CSPRO Executor Normal End
--------------------------------------------------------------------------------
Application     C:\Users\Cristina\Dropbox (Old)\TanayLMIS\LMIS\TanayBasicData\Menu\Menu.ent
Type            ENTRY
Input Data      <<Empty>>
External        TBD_STAFF_DICT=<<CSPro DB>> C:\Users\Cristina\Dropbox (Old)\TanayLMIS\LMIS\TanayBasicData\Data\Staff.csdb
External        TBD_ASSIGNMENTS_DICT=<<CSPro DB>> C:\Users\Cristina\Dropbox (Old)\TanayLMIS\LMIS\TanayBasicData\Data\Assignments.csdb
External        TBD_INHABITANT_DICT=<<Empty>>
External        TBD_GEO_DICT=<<CSPro DB>> C:\Users\Cristina\Dropbox (Old)\TanayLMIS\LMIS\TanayBasicData\Data\Geocode2.csdb
<File>          REPORT_FILE=

Date            Dec  7, 2018
Start Time      14:54:23
End Time        14:56:34

CSPRO Process Summary

System messages:

 Number    Frequency   Message text
 ------    ---------   ------------
  99990            2   Operator entered a value out of range            

User unnumbered messages:

   Line    Freq  Pct.  Message text                                        Denom
   ----    ----  ----  ------------                                        -----
    582       1    -   Confirm that %06d is the correct code                   -
    835       1    -   Your supervisor has not yet assigned you any EAs.       -
   1171       1    -   %s successfully added as an interviewer                 -
   1315       2    -   Are you sure you want to assign %s to %s?               -
   1333       2    -   %s successfully assigned to %s                          -

CSPRO Executor Normal End
--------------------------------------------------------------------------------
Application     C:\Users\Cristina\Dropbox (Old)\TanayLMIS\LMIS\TanayBasicData\Menu\Menu.ent
Type            ENTRY
Input Data      <<Empty>>
External        TBD_STAFF_DICT=<<CSPro DB>> C:\Users\Cristina\Dropbox (Old)\TanayLMIS\LMIS\TanayBasicData\Data\Staff.csdb
External        TBD_ASSIGNMENTS_DICT=<<CSPro DB>> C:\Users\Cristina\Dropbox (Old)\TanayLMIS\LMIS\TanayBasicData\Data\Assignments.csdb
External        TBD_INHABITANT_DICT=<<Empty>>
External        TBD_GEO_DICT=<<CSPro DB>> C:\Users\Cristina\Dropbox (Old)\TanayLMIS\LMIS\TanayBasicData\Data\Geocode2.csdb
<File>          REPORT_FILE=

Date            Dec  7, 2018
Start Time      15:01:38
End Time        15:07:36

CSPRO Process Summary

User unnumbered messages:

   Line    Freq  Pct.  Message text                                        Denom
   ----    ----  ----  ------------                                        -----
    685       2    -   Invalid PIN code                                        -
   1231       3    -   %s already has %d assignment. Are you sure you wa       -

CSPRO Executor Normal End
--------------------------------------------------------------------------------
Application     C:\Users\Cristina\Dropbox (Old)\TanayLMIS\LMIS\TanayBasicData\Menu\Menu.ent
Type            ENTRY
Input Data      <<Empty>>
External        TBD_STAFF_DICT=<<CSPro DB>> C:\Users\Cristina\Dropbox (Old)\TanayLMIS\LMIS\TanayBasicData\Data\Staff.csdb
External        TBD_ASSIGNMENTS_DICT=<<CSPro DB>> C:\Users\Cristina\Dropbox (Old)\TanayLMIS\LMIS\TanayBasicData\Data\Assignments.csdb
External        TBD_INHABITANT_DICT=<<Empty>>
External        TBD_GEO_DICT=<<CSPro DB>> C:\Users\Cristina\Dropbox (Old)\TanayLMIS\LMIS\TanayBasicData\Data\Geocode2.csdb
<File>          REPORT_FILE=

Date            Dec  7, 2018
Start Time      15:08:10
End Time        17:10:35

CSPRO Process Summary

System messages:

 Number    Frequency   Message text
 ------    ---------   ------------
  88111            2   Ignoring 'skip to @%s': referred target '%s' is a
  99990            1   Operator entered a value out of range            

User unnumbered messages:

   Line    Freq  Pct.  Message text                                        Denom
   ----    ----  ----  ------------                                        -----
    582       2    -   Confirm that %06d is the correct code                   -
   1171       1    -   %s successfully added as an interviewer                 -
   1231       1    -   %s already has %d assignment. Are you sure you wa       -
   1304       1    -   %s has already been assigned to %s                      -
   1315       2    -   Are you sure you want to assign %s to %s?               -
   1333       2    -   %s successfully assigned to %s                          -

CSPRO Executor Normal End
--------------------------------------------------------------------------------
Application     C:\Users\Cristina\Dropbox (Old)\TanayLMIS\LMIS\TanayBasicData\Menu\Menu.ent
Type            ENTRY
Input Data      <<Empty>>
External        TBD_STAFF_DICT=<<CSPro DB>> C:\Users\Cristina\Dropbox (Old)\TanayLMIS\LMIS\TanayBasicData\Data\Staff.csdb
External        TBD_ASSIGNMENTS_DICT=<<CSPro DB>> C:\Users\Cristina\Dropbox (Old)\TanayLMIS\LMIS\TanayBasicData\Data\Assignments.csdb
External        TBD_INHABITANT_DICT=<<Empty>>
External        TBD_GEO_DICT=<<CSPro DB>> C:\Users\Cristina\Dropbox (Old)\TanayLMIS\LMIS\TanayBasicData\Data\Geocode2.csdb
<File>          PFFFILE=
<File>          REPORT_FILE=

Date            Dec 10, 2018
Start Time      14:13:46
End Time        14:14:10

CSPRO Process Summary

User unnumbered messages:

   Line    Freq  Pct.  Message text                                        Denom
   ----    ----  ----  ------------                                        -----
   1194       1    -   Are you sure that you want to add a household num       -

CSPRO Executor Normal End
--------------------------------------------------------------------------------
Application     C:\Users\Cristina\Dropbox (Old)\TanayLMIS\LMIS\TanayBasicData\Menu\Menu.ent
Type            ENTRY
Input Data      <<Empty>>
External        TBD_STAFF_DICT=<<CSPro DB>> C:\Users\Cristina\Dropbox (Old)\TanayLMIS\LMIS\TanayBasicData\Data\Staff.csdb
External        TBD_ASSIGNMENTS_DICT=<<CSPro DB>> C:\Users\Cristina\Dropbox (Old)\TanayLMIS\LMIS\TanayBasicData\Data\Assignments.csdb
External        TBD_INHABITANT_DICT=<<CSPro DB>> C:\Users\Cristina\Dropbox (Old)\TanayLMIS\LMIS\TanayBasicData\Data\Population.csdb
External        TBD_GEO_DICT=<<CSPro DB>> C:\Users\Cristina\Dropbox (Old)\TanayLMIS\LMIS\TanayBasicData\Data\Geocode2.csdb
<File>          PFFFILE=
<File>          REPORT_FILE=

Date            Dec 10, 2018
Start Time      14:15:00
End Time        14:15:11

CSPRO Process Summary

User unnumbered messages:

   Line    Freq  Pct.  Message text                                        Denom
   ----    ----  ----  ------------                                        -----
   1194       1    -   Are you sure that you want to add a household num       -

CSPRO Executor Normal End
--------------------------------------------------------------------------------
Application     C:\Users\Cristina\Dropbox (Old)\TanayLMIS\LMIS\TanayBasicData\Menu\Menu.ent
Type            ENTRY
Input Data      <<Empty>>
External        TBD_STAFF_DICT=<<CSPro DB>> C:\Users\Cristina\Dropbox (Old)\TanayLMIS\LMIS\TanayBasicData\Data\Staff.csdb
External        TBD_ASSIGNMENTS_DICT=<<CSPro DB>> C:\Users\Cristina\Dropbox (Old)\TanayLMIS\LMIS\TanayBasicData\Data\Assignments.csdb
External        TBD_INHABITANT_DICT=<<CSPro DB>> C:\Users\Cristina\Dropbox (Old)\TanayLMIS\LMIS\TanayBasicData\Data\Population.csdb
External        TBD_GEO_DICT=<<CSPro DB>> C:\Users\Cristina\Dropbox (Old)\TanayLMIS\LMIS\TanayBasicData\Data\Geocode2.csdb
<File>          PFFFILE=
<File>          REPORT_FILE=

Date            Dec 10, 2018
Start Time      14:15:36
End Time        14:16:19

CSPRO Process Summary

System messages:

 Number    Frequency   Message text
 ------    ---------   ------------
 100101            1   Error connecting to server: %s                   

User unnumbered messages:

   Line    Freq  Pct.  Message text                                        Denom
   ----    ----  ----  ------------                                        -----
    419       1    -   Failed to start Bluetooth server.                       -
   1202       1    -   There are no households to view                         -

CSPRO Executor Normal End
--------------------------------------------------------------------------------
Application     C:\Users\Cristina\Dropbox (Old)\TanayLMIS\LMIS\TanayBasicData\Menu\Menu.ent
Type            ENTRY
Input Data      <<Empty>>
External        TBD_STAFF_DICT=<<CSPro DB>> C:\Users\Cristina\Dropbox (Old)\TanayLMIS\LMIS\TanayBasicData\Data\Staff.csdb
External        TBD_ASSIGNMENTS_DICT=<<CSPro DB>> C:\Users\Cristina\Dropbox (Old)\TanayLMIS\LMIS\TanayBasicData\Data\Assignments.csdb
External        TBD_INHABITANT_DICT=<<CSPro DB>> C:\Users\Cristina\Dropbox (Old)\TanayLMIS\LMIS\TanayBasicData\Data\Population.csdb
External        TBD_GEO_DICT=<<CSPro DB>> C:\Users\Cristina\Dropbox (Old)\TanayLMIS\LMIS\TanayBasicData\Data\Geocode2.csdb
<File>          PFFFILE=
<File>          REPORT_FILE=

Date            Dec 10, 2018
Start Time      14:16:51
End Time        14:16:56

CSPRO Process Summary

CSPRO Executor Normal End
--------------------------------------------------------------------------------
Application     C:\Users\Cristina\Dropbox (Old)\TanayLMIS\LMIS\TanayBasicData\Menu\Menu.ent
Type            ENTRY
Input Data      <<Empty>>
External        TBD_STAFF_DICT=<<CSPro DB>> C:\Users\Cristina\Dropbox (Old)\TanayLMIS\LMIS\TanayBasicData\Data\Staff.csdb
External        TBD_ASSIGNMENTS_DICT=<<CSPro DB>> C:\Users\Cristina\Dropbox (Old)\TanayLMIS\LMIS\TanayBasicData\Data\Assignments.csdb
External        TBD_INHABITANT_DICT=<<CSPro DB>> C:\Users\Cristina\Dropbox (Old)\TanayLMIS\LMIS\TanayBasicData\Data\Population.csdb
External        TBD_GEO_DICT=<<CSPro DB>> C:\Users\Cristina\Dropbox (Old)\TanayLMIS\LMIS\TanayBasicData\Data\Geocode2.csdb
<File>          PFFFILE=
<File>          REPORT_FILE=

Date            Dec 10, 2018
Start Time      14:17:01
End Time        14:36:32

CSPRO Process Summary

User unnumbered messages:

   Line    Freq  Pct.  Message text                                        Denom
   ----    ----  ----  ------------                                        -----
    757       1    -   Invalid PIN code                                        -
   1063       1    -   You are already assigned to this district.              -
   1423       1    -   %s already has %d assignment. Are you sure you wa       -
   1507       1    -   Are you sure you want to assign %s to %s?               -
   1525       1    -   %s successfully assigned to %s                          -

CSPRO Executor Normal End
--------------------------------------------------------------------------------
Application     C:\Users\Cristina\Dropbox (Old)\TanayLMIS\LMIS\TanayBasicData\Menu\Menu.ent
Type            ENTRY
Input Data      <<Empty>>
External        TBD_STAFF_DICT=<<CSPro DB>> C:\Users\Cristina\Dropbox (Old)\TanayLMIS\LMIS\TanayBasicData\Data\Staff.csdb
External        TBD_ASSIGNMENTS_DICT=<<CSPro DB>> C:\Users\Cristina\Dropbox (Old)\TanayLMIS\LMIS\TanayBasicData\Data\Assignments.csdb
External        TBD_INHABITANT_DICT=<<CSPro DB>> C:\Users\Cristina\Dropbox (Old)\TanayLMIS\LMIS\TanayBasicData\Data\Population.csdb
External        TBD_GEO_DICT=<<CSPro DB>> C:\Users\Cristina\Dropbox (Old)\TanayLMIS\LMIS\TanayBasicData\Data\Geocode2.csdb
<File>          PFFFILE=
<File>          REPORT_FILE=

Date            Dec 10, 2018
Start Time      14:40:56
End Time        14:42:46

CSPRO Process Summary

System messages:

 Number    Frequency   Message text
 ------    ---------   ------------
  99990            2   Operator entered a value out of range            

User unnumbered messages:

   Line    Freq  Pct.  Message text                                        Denom
   ----    ----  ----  ------------                                        -----
   1310       1    -   Staff PIN code of %s is %v                              -
   1363       1    -   %s successfully added as an interviewer                 -

CSPRO Executor Normal End
--------------------------------------------------------------------------------
Application     C:\Users\Cristina\Dropbox (Old)\TanayLMIS\LMIS\TanayBasicData\Menu\Menu.ent
Type            ENTRY
Input Data      <<Empty>>
External        TBD_STAFF_DICT=<<CSPro DB>> C:\Users\Cristina\Dropbox (Old)\TanayLMIS\LMIS\TanayBasicData\Data\Staff.csdb
External        TBD_ASSIGNMENTS_DICT=<<CSPro DB>> C:\Users\Cristina\Dropbox (Old)\TanayLMIS\LMIS\TanayBasicData\Data\Assignments.csdb
External        TBD_INHABITANT_DICT=<<CSPro DB>> C:\Users\Cristina\Dropbox (Old)\TanayLMIS\LMIS\TanayBasicData\Data\Population.csdb
External        TBD_GEO_DICT=<<CSPro DB>> C:\Users\Cristina\Dropbox (Old)\TanayLMIS\LMIS\TanayBasicData\Data\Geocode2.csdb
<File>          PFFFILE=
<File>          REPORT_FILE=

Date            Dec 10, 2018
Start Time      15:10:13
End Time        15:10:25

CSPRO Process Summary

System messages:

 Number    Frequency   Message text
 ------    ---------   ------------
  48000            2   Invalid expression (%s) in CAPI text             

CSPRO Executor Normal End
--------------------------------------------------------------------------------
